
> build
> vite build

vite v7.1.3 building for production...
transforming...
✓ 657 modules transformed.
rendering chunks...
computing gzip size...
public/build/manifest.json                                                       12.94 kB │ gzip:   1.14 kB
public/build/assets/Table-j1BsO8QQ.css                                            0.55 kB │ gzip:   0.26 kB
public/build/assets/app-BO3dejXX.css                                             53.26 kB │ gzip:   9.55 kB
public/build/assets/useToast-DbBWuvX1.js                                          0.69 kB │ gzip:   0.36 kB
public/build/assets/Badge.vue_vue_type_script_setup_true_lang-A_piTksU.js         0.78 kB │ gzip:   0.45 kB
public/build/assets/Table-Dw4GT14H.js                                             1.02 kB │ gzip:   0.60 kB
public/build/assets/Pagination.vue_vue_type_script_setup_true_lang-Ck_p6ymn.js    2.50 kB │ gzip:   1.03 kB
public/build/assets/Card.vue_vue_type_script_setup_true_lang-Db32ypDC.js          2.58 kB │ gzip:   1.12 kB
public/build/assets/Button-Bn6dcYgY.js                                            2.90 kB │ gzip:   1.35 kB
public/build/assets/Input-CMHKrFLF.js                                             3.36 kB │ gzip:   1.51 kB
public/build/assets/Sync-BQDF7nBT.js                                              3.53 kB │ gzip:   1.66 kB
public/build/assets/Edit-CWmzmJDU.js                                              3.55 kB │ gzip:   1.54 kB
public/build/assets/Login-DDq-plwP.js                                             3.60 kB │ gzip:   1.50 kB
public/build/assets/Register-Cq_Kpbof.js                                          3.99 kB │ gzip:   1.27 kB
public/build/assets/Index-BPjM639Q.js                                             4.07 kB │ gzip:   1.52 kB
public/build/assets/Index-0JberT0L.js                                             4.38 kB │ gzip:   1.63 kB
public/build/assets/Create-DhoUoDi3.js                                            4.69 kB │ gzip:   1.90 kB
public/build/assets/Edit-BrYJlq8j.js                                              4.99 kB │ gzip:   1.99 kB
public/build/assets/Edit-Cn3cv5ku.js                                              6.18 kB │ gzip:   2.28 kB
public/build/assets/Create-D9Eim1Rf.js                                            7.07 kB │ gzip:   2.32 kB
public/build/assets/Edit-DYRfS_Zu.js                                              7.40 kB │ gzip:   2.40 kB
public/build/assets/Create-FOtnorG8.js                                            7.75 kB │ gzip:   2.66 kB
public/build/assets/Edit-D4TAcJW-.js                                              8.52 kB │ gzip:   2.60 kB
public/build/assets/Create-BfTB9wte.js                                            8.52 kB │ gzip:   2.77 kB
public/build/assets/Index-BMXBYxpb.js                                             8.86 kB │ gzip:   3.12 kB
public/build/assets/Create-B12KRTAt.js                                           10.58 kB │ gzip:   3.01 kB
public/build/assets/AppLayout.vue_vue_type_script_setup_true_lang-D72v69QN.js    10.66 kB │ gzip:   3.60 kB
public/build/assets/Index-a5FmErvx.js                                            11.38 kB │ gzip:   3.73 kB
public/build/assets/Dashboard-Bjw16wYh.js                                        11.81 kB │ gzip:   3.02 kB
public/build/assets/Create-Dzdd7Gr1.js                                           12.06 kB │ gzip:   4.08 kB
public/build/assets/Index-DCfsPHbi.js                                            13.08 kB │ gzip:   3.98 kB
public/build/assets/Index-e1PW3qvB.js                                            13.53 kB │ gzip:   4.23 kB
public/build/assets/Index-BwInUiHC.js                                            15.31 kB │ gzip:   5.16 kB
public/build/assets/app-CLNEGQ-k.js                                             312.73 kB │ gzip: 110.71 kB
✓ built in 5m 10s
